<?xml version="1.0" encoding="UTF-8"?>
<!-- Generated by org.testng.reporters.JUnitXMLReporter -->
<testsuite ignored="2" hostname="DESKTOP-1RHU1NU" failures="0" tests="2" name="Test" time="54.135" errors="0" timestamp="2021-09-15T17:40:11 IST">
  <testcase classname="purchaseorderTest.Tc01_enteringprchseorderpageTest" name="enteringprchseorderpageTest" time="14.421"/>
  <testcase classname="purchaseorderTest.Tc02_addingPrchseOrderTest" name="addingPrchseOrderTest" time="12.295"/>
  <testcase classname="com.crm.autudesk.GenericUtility.BaseClass" name="@AfterSuite closeDb" time="0.0">
    <ignored/>
  </testcase> <!-- @AfterSuite closeDb -->
  <testcase classname="com.crm.autudesk.GenericUtility.BaseClass" name="@BeforeSuite ConnectionDB" time="0.0">
    <ignored/>
  </testcase> <!-- @BeforeSuite ConnectionDB -->
</testsuite> <!-- Test -->
